Arguments: 
  C:\Program Files\nodejs\node.exe C:\Program Files (x86)\Yarn\bin\yarn.js

PATH: 
  C:\Windows\system32;C:\Windows;C:\Windows\System32\Wbem;C:\Windows\System32\WindowsPowerShell\v1.0\;C:\Program Files\Microsoft SQL Server\110\DTS\Binn\;C:\Program Files (x86)\Microsoft SQL Server\110\Tools\Binn\;C:\Program Files\Microsoft SQL Server\110\Tools\Binn\;C:\Program Files (x86)\Microsoft SQL Server\110\Tools\Binn\ManagementStudio\;C:\Program Files (x86)\Microsoft Visual Studio 10.0\Common7\IDE\PrivateAssemblies\;C:\Program Files (x86)\Microsoft SQL Server\110\DTS\Binn\;C:\Program Files\Microsoft\Web Platform Installer\;C:\Program Files (x86)\Microsoft ASP.NET\ASP.NET Web Pages\v1.0\;C:\Program Files\Microsoft SQL Server\120\Tools\Binn\;C:\Program Files\Microsoft SQL Server\130\Tools\Binn\;C:\Program Files\dotnet\;C:\Program Files (x86)\Skype\Phone\;D:\Crypto_Project\Publish_Neo\;C:\Program Files\nodejs\;C:\Program Files\PuTTY\;C:\Program Files\Geth;C:\Program Files (x86)\Yarn\bin\;C:\Users\Smit-Pc\AppData\Local\Programs\Fiddler;C:\Users\Smit-Pc\AppData\Roaming\npm;C:\Program Files\Git\bin;C:\Program Files\Microsoft VS Code\bin;D:\go-ipfs;D:\multichain-windows-1.0.4;C:\Program Files\Git\bin;D:\cwRsync_5.5.0_x86_Free\bin;C:\Windows\System32;C:\Program Files\Ethereum-Wallet;C:\Program Files\Mist;C:\Users\Smit-Pc\AppData\Local\Yarn\bin

Yarn version: 
  1.5.1

Node version: 
  9.7.1

Platform: 
  win32 x64

npm manifest: 
  {
    "name": "Voting-Dapp",
    "version": "1.0.0",
    "description": "",
    "main": "truffle.js",
    "directories": {
      "test": "test"
    },
    "scripts": {
      "dev": "webpack-dev-server",
      "build": "webpack",
      "test": "echo \"Error: no test specified\" && exit 1"
    },
    "author": "",
    "license": "MIT",
    "devDependencies": {
      "babel-loader": "^7.1.2",
      "babel-plugin-transform-runtime": "^6.23.0",
      "babel-preset-env": "^1.6.1",
      "copy-webpack-plugin": "^4.3.1",
      "css-loader": "^0.28.8",
      "eslint-plugin-import": "^2.8.0",
      "json-loader": "^0.5.7",
      "lite-server": "^2.3.0",
      "style-loader": "^0.19.1",
      "truffle-contract": "^3.0.1",
      "web3": "^0.20.1",
      "webpack": "^3.10.0",
      "webpack-dev-server": "^2.10.1"
    },
    "dependencies": {
      "ipfs": "^0.28.2"
    }
  }

yarn manifest: 
  No manifest

Lockfile: 
  No lockfile

Trace: 
  Error: E:\Dapp\Voting-Dapp\node_modules\sha3: Command failed.
  Exit code: 1
  Command: C:\Windows\system32\cmd.exe
  Arguments: /d /s /c node-gyp rebuild
  Directory: E:\Dapp\Voting-Dapp\node_modules\sha3
  Output:
  E:\Dapp\Voting-Dapp\node_modules\sha3>if not defined npm_config_node_gyp (node "C:\Program Files\nodejs\node_modules\npm\bin\node-gyp-bin\\..\..\node_modules\node-gyp\bin\node-gyp.js" rebuild )  else (node "" rebuild ) 
  gyp info it worked if it ends with ok
  gyp info using node-gyp@3.6.2
  gyp info using node@9.7.1 | win32 | x64
  gyp ERR! configure error 
  gyp ERR! stack Error: Can't find Python executable "python", you can set the PYTHON env variable.
  gyp ERR! stack     at PythonFinder.failNoPython (C:\Program Files\nodejs\node_modules\npm\node_modules\node-gyp\lib\configure.js:483:19)
  gyp ERR! stack     at PythonFinder.<anonymous> (C:\Program Files\nodejs\node_modules\npm\node_modules\node-gyp\lib\configure.js:508:16)
  gyp ERR! stack     at C:\Program Files\nodejs\node_modules\npm\node_modules\graceful-fs\polyfills.js:284:29
  gyp ERR! stack     at FSReqWrap.oncomplete (fs.js:170:21)
  gyp ERR! System Windows_NT 6.3.9600
  gyp ERR! command "C:\\Program Files\\nodejs\\node.exe" "C:\\Program Files\\nodejs\\node_modules\\npm\\node_modules\\node-gyp\\bin\\node-gyp.js" "rebuild"
  gyp ERR! cwd E:\Dapp\Voting-Dapp\node_modules\sha3
  gyp ERR! node -v v9.7.1
  gyp ERR! node-gyp -v v3.6.2
  gyp ERR! not ok
      at ProcessTermError.MessageError (C:\Program Files (x86)\Yarn\lib\cli.js:186:110)
      at new ProcessTermError (C:\Program Files (x86)\Yarn\lib\cli.js:226:113)
      at ChildProcess.<anonymous> (C:\Program Files (x86)\Yarn\lib\cli.js:30281:17)
      at ChildProcess.emit (events.js:127:13)
      at maybeClose (internal/child_process.js:936:16)
      at Process.ChildProcess._handle.onexit (internal/child_process.js:220:5)
